{"/home/viviane/Documentos/reprograma/projeto/projeto-final-viviane-luz/classes/Medico.js": {"path":"/home/viviane/Documentos/reprograma/projeto/projeto-final-viviane-luz/classes/Medico.js","statementMap":{"0":{"start":{"line":6,"column":22},"end":{"line":6,"column":23}},"1":{"start":{"line":7,"column":16},"end":{"line":7,"column":18}},"2":{"start":{"line":10,"column":8},"end":{"line":10,"column":37}},"3":{"start":{"line":14,"column":8},"end":{"line":14,"column":31}},"4":{"start":{"line":15,"column":8},"end":{"line":15,"column":38}},"5":{"start":{"line":16,"column":8},"end":{"line":16,"column":53}},"6":{"start":{"line":17,"column":8},"end":{"line":17,"column":37}},"7":{"start":{"line":25,"column":8},"end":{"line":33,"column":9}},"8":{"start":{"line":27,"column":12},"end":{"line":27,"column":68}},"9":{"start":{"line":28,"column":12},"end":{"line":28,"column":63}},"10":{"start":{"line":32,"column":12},"end":{"line":32,"column":114}}},"fnMap":{"0":{"name":"(anonymous_0)","decl":{"start":{"line":9,"column":4},"end":{"line":9,"column":5}},"loc":{"start":{"line":9,"column":27},"end":{"line":11,"column":5}},"line":9},"1":{"name":"(anonymous_1)","decl":{"start":{"line":13,"column":4},"end":{"line":13,"column":5}},"loc":{"start":{"line":13,"column":29},"end":{"line":18,"column":5}},"line":13},"2":{"name":"(anonymous_2)","decl":{"start":{"line":24,"column":4},"end":{"line":24,"column":5}},"loc":{"start":{"line":24,"column":29},"end":{"line":34,"column":5}},"line":24}},"branchMap":{"0":{"loc":{"start":{"line":25,"column":8},"end":{"line":33,"column":9}},"type":"if","locations":[{"start":{"line":25,"column":8},"end":{"line":33,"column":9}},{"start":{"line":31,"column":15},"end":{"line":33,"column":9}}],"line":25}},"s":{"0":6,"1":6,"2":6,"3":3,"4":3,"5":3,"6":3,"7":0,"8":0,"9":0,"10":0},"f":{"0":6,"1":3,"2":0},"b":{"0":[0,0]},"_coverageSchema":"1a1c01bbd47fc00a2c39e90264f33305004495a9","hash":"679db29c697fd5dbaff0677b9c9c6217735e0eb5"}
,"/home/viviane/Documentos/reprograma/projeto/projeto-final-viviane-luz/classes/Paciente.js": {"path":"/home/viviane/Documentos/reprograma/projeto/projeto-final-viviane-luz/classes/Paciente.js","statementMap":{"0":{"start":{"line":12,"column":22},"end":{"line":12,"column":23}},"1":{"start":{"line":13,"column":22},"end":{"line":13,"column":23}},"2":{"start":{"line":14,"column":14},"end":{"line":14,"column":16}},"3":{"start":{"line":16,"column":23},"end":{"line":16,"column":25}},"4":{"start":{"line":19,"column":8},"end":{"line":19,"column":41}},"5":{"start":{"line":20,"column":8},"end":{"line":20,"column":27}},"6":{"start":{"line":21,"column":8},"end":{"line":21,"column":27}},"7":{"start":{"line":22,"column":8},"end":{"line":22,"column":29}},"8":{"start":{"line":23,"column":8},"end":{"line":23,"column":105}},"9":{"start":{"line":35,"column":8},"end":{"line":41,"column":9}},"10":{"start":{"line":36,"column":12},"end":{"line":36,"column":35}},"11":{"start":{"line":37,"column":12},"end":{"line":37,"column":56}},"12":{"start":{"line":40,"column":12},"end":{"line":40,"column":80}},"13":{"start":{"line":43,"column":8},"end":{"line":45,"column":9}},"14":{"start":{"line":44,"column":12},"end":{"line":44,"column":49}},"15":{"start":{"line":49,"column":7},"end":{"line":57,"column":8}},"16":{"start":{"line":50,"column":8},"end":{"line":54,"column":9}},"17":{"start":{"line":51,"column":12},"end":{"line":51,"column":45}},"18":{"start":{"line":53,"column":12},"end":{"line":53,"column":55}},"19":{"start":{"line":56,"column":12},"end":{"line":56,"column":53}},"20":{"start":{"line":61,"column":8},"end":{"line":72,"column":9}},"21":{"start":{"line":62,"column":11},"end":{"line":71,"column":12}},"22":{"start":{"line":63,"column":32},"end":{"line":63,"column":102}},"23":{"start":{"line":64,"column":12},"end":{"line":64,"column":43}},"24":{"start":{"line":65,"column":12},"end":{"line":65,"column":35}},"25":{"start":{"line":66,"column":16},"end":{"line":66,"column":72}},"26":{"start":{"line":67,"column":16},"end":{"line":67,"column":53}},"27":{"start":{"line":70,"column":12},"end":{"line":70,"column":69}},"28":{"start":{"line":76,"column":28},"end":{"line":76,"column":79}},"29":{"start":{"line":77,"column":8},"end":{"line":77,"column":39}},"30":{"start":{"line":78,"column":8},"end":{"line":78,"column":44}},"31":{"start":{"line":79,"column":8},"end":{"line":79,"column":45}},"32":{"start":{"line":83,"column":8},"end":{"line":83,"column":33}},"33":{"start":{"line":84,"column":8},"end":{"line":84,"column":57}},"34":{"start":{"line":85,"column":8},"end":{"line":85,"column":42}},"35":{"start":{"line":86,"column":8},"end":{"line":86,"column":98}}},"fnMap":{"0":{"name":"(anonymous_0)","decl":{"start":{"line":18,"column":4},"end":{"line":18,"column":5}},"loc":{"start":{"line":18,"column":52},"end":{"line":24,"column":5}},"line":18},"1":{"name":"(anonymous_1)","decl":{"start":{"line":34,"column":4},"end":{"line":34,"column":5}},"loc":{"start":{"line":34,"column":21},"end":{"line":46,"column":5}},"line":34},"2":{"name":"(anonymous_2)","decl":{"start":{"line":48,"column":4},"end":{"line":48,"column":5}},"loc":{"start":{"line":48,"column":22},"end":{"line":58,"column":5}},"line":48},"3":{"name":"(anonymous_3)","decl":{"start":{"line":60,"column":4},"end":{"line":60,"column":5}},"loc":{"start":{"line":60,"column":21},"end":{"line":73,"column":5}},"line":60},"4":{"name":"(anonymous_4)","decl":{"start":{"line":75,"column":4},"end":{"line":75,"column":5}},"loc":{"start":{"line":75,"column":18},"end":{"line":80,"column":5}},"line":75},"5":{"name":"(anonymous_5)","decl":{"start":{"line":82,"column":4},"end":{"line":82,"column":5}},"loc":{"start":{"line":82,"column":24},"end":{"line":87,"column":5}},"line":82}},"branchMap":{"0":{"loc":{"start":{"line":23,"column":69},"end":{"line":23,"column":102}},"type":"cond-expr","locations":[{"start":{"line":23,"column":78},"end":{"line":23,"column":95}},{"start":{"line":23,"column":98},"end":{"line":23,"column":102}}],"line":23},"1":{"loc":{"start":{"line":35,"column":8},"end":{"line":41,"column":9}},"type":"if","locations":[{"start":{"line":35,"column":8},"end":{"line":41,"column":9}},{"start":{"line":39,"column":15},"end":{"line":41,"column":9}}],"line":35},"2":{"loc":{"start":{"line":43,"column":8},"end":{"line":45,"column":9}},"type":"if","locations":[{"start":{"line":43,"column":8},"end":{"line":45,"column":9}},{"start":{},"end":{}}],"line":43},"3":{"loc":{"start":{"line":49,"column":7},"end":{"line":57,"column":8}},"type":"if","locations":[{"start":{"line":49,"column":7},"end":{"line":57,"column":8}},{"start":{"line":55,"column":14},"end":{"line":57,"column":8}}],"line":49},"4":{"loc":{"start":{"line":50,"column":8},"end":{"line":54,"column":9}},"type":"if","locations":[{"start":{"line":50,"column":8},"end":{"line":54,"column":9}},{"start":{"line":52,"column":15},"end":{"line":54,"column":9}}],"line":50},"5":{"loc":{"start":{"line":61,"column":8},"end":{"line":72,"column":9}},"type":"if","locations":[{"start":{"line":61,"column":8},"end":{"line":72,"column":9}},{"start":{},"end":{}}],"line":61},"6":{"loc":{"start":{"line":62,"column":11},"end":{"line":71,"column":12}},"type":"if","locations":[{"start":{"line":62,"column":11},"end":{"line":71,"column":12}},{"start":{"line":69,"column":18},"end":{"line":71,"column":12}}],"line":62},"7":{"loc":{"start":{"line":86,"column":31},"end":{"line":86,"column":96}},"type":"cond-expr","locations":[{"start":{"line":86,"column":45},"end":{"line":86,"column":67}},{"start":{"line":86,"column":70},"end":{"line":86,"column":96}}],"line":86}},"s":{"0":7,"1":7,"2":7,"3":2,"4":7,"5":7,"6":7,"7":7,"8":7,"9":1,"10":0,"11":0,"12":1,"13":0,"14":0,"15":1,"16":0,"17":0,"18":0,"19":1,"20":2,"21":0,"22":0,"23":0,"24":0,"25":0,"26":0,"27":0,"28":0,"29":0,"30":0,"31":0,"32":3,"33":3,"34":3,"35":3},"f":{"0":7,"1":1,"2":1,"3":2,"4":0,"5":3},"b":{"0":[4,3],"1":[0,1],"2":[0,0],"3":[0,1],"4":[0,0],"5":[0,2],"6":[0,0],"7":[1,2]},"_coverageSchema":"1a1c01bbd47fc00a2c39e90264f33305004495a9","hash":"a229b1ae33a0d65143c2fff3cf8ccc2242c143ac"}
}
