{"/home/viviane/Documentos/reprograma/projeto/projeto-final-viviane-luz/classes/Medico.js": {"path":"/home/viviane/Documentos/reprograma/projeto/projeto-final-viviane-luz/classes/Medico.js","statementMap":{"0":{"start":{"line":2,"column":22},"end":{"line":2,"column":23}},"1":{"start":{"line":3,"column":16},"end":{"line":3,"column":18}},"2":{"start":{"line":6,"column":8},"end":{"line":6,"column":37}},"3":{"start":{"line":10,"column":8},"end":{"line":10,"column":31}},"4":{"start":{"line":11,"column":8},"end":{"line":11,"column":38}},"5":{"start":{"line":12,"column":8},"end":{"line":12,"column":53}},"6":{"start":{"line":13,"column":8},"end":{"line":13,"column":37}},"7":{"start":{"line":17,"column":8},"end":{"line":25,"column":9}},"8":{"start":{"line":19,"column":12},"end":{"line":19,"column":68}},"9":{"start":{"line":20,"column":12},"end":{"line":20,"column":63}},"10":{"start":{"line":24,"column":12},"end":{"line":24,"column":114}}},"fnMap":{"0":{"name":"(anonymous_0)","decl":{"start":{"line":5,"column":4},"end":{"line":5,"column":5}},"loc":{"start":{"line":5,"column":27},"end":{"line":7,"column":5}},"line":5},"1":{"name":"(anonymous_1)","decl":{"start":{"line":9,"column":4},"end":{"line":9,"column":5}},"loc":{"start":{"line":9,"column":29},"end":{"line":14,"column":5}},"line":9},"2":{"name":"(anonymous_2)","decl":{"start":{"line":16,"column":4},"end":{"line":16,"column":5}},"loc":{"start":{"line":16,"column":29},"end":{"line":26,"column":5}},"line":16}},"branchMap":{"0":{"loc":{"start":{"line":17,"column":8},"end":{"line":25,"column":9}},"type":"if","locations":[{"start":{"line":17,"column":8},"end":{"line":25,"column":9}},{"start":{"line":23,"column":15},"end":{"line":25,"column":9}}],"line":17}},"s":{"0":7,"1":7,"2":7,"3":4,"4":4,"5":4,"6":4,"7":1,"8":1,"9":1,"10":0},"f":{"0":7,"1":4,"2":1},"b":{"0":[1,0]},"_coverageSchema":"1a1c01bbd47fc00a2c39e90264f33305004495a9","hash":"609299b5ebaa562d6c5f2add003f73174f5f8c5e"}
,"/home/viviane/Documentos/reprograma/projeto/projeto-final-viviane-luz/classes/Paciente.js": {"path":"/home/viviane/Documentos/reprograma/projeto/projeto-final-viviane-luz/classes/Paciente.js","statementMap":{"0":{"start":{"line":6,"column":22},"end":{"line":6,"column":23}},"1":{"start":{"line":7,"column":22},"end":{"line":7,"column":23}},"2":{"start":{"line":8,"column":14},"end":{"line":8,"column":16}},"3":{"start":{"line":10,"column":23},"end":{"line":10,"column":25}},"4":{"start":{"line":13,"column":8},"end":{"line":13,"column":41}},"5":{"start":{"line":14,"column":8},"end":{"line":14,"column":27}},"6":{"start":{"line":15,"column":8},"end":{"line":15,"column":27}},"7":{"start":{"line":16,"column":8},"end":{"line":16,"column":29}},"8":{"start":{"line":17,"column":8},"end":{"line":17,"column":105}},"9":{"start":{"line":21,"column":8},"end":{"line":27,"column":9}},"10":{"start":{"line":22,"column":12},"end":{"line":22,"column":35}},"11":{"start":{"line":23,"column":12},"end":{"line":23,"column":50}},"12":{"start":{"line":26,"column":12},"end":{"line":26,"column":80}},"13":{"start":{"line":31,"column":7},"end":{"line":33,"column":9}},"14":{"start":{"line":32,"column":12},"end":{"line":32,"column":60}},"15":{"start":{"line":37,"column":8},"end":{"line":47,"column":9}},"16":{"start":{"line":38,"column":11},"end":{"line":46,"column":12}},"17":{"start":{"line":39,"column":32},"end":{"line":39,"column":102}},"18":{"start":{"line":40,"column":12},"end":{"line":40,"column":43}},"19":{"start":{"line":41,"column":12},"end":{"line":41,"column":35}},"20":{"start":{"line":42,"column":16},"end":{"line":42,"column":72}},"21":{"start":{"line":43,"column":16},"end":{"line":43,"column":53}},"22":{"start":{"line":45,"column":12},"end":{"line":45,"column":69}},"23":{"start":{"line":51,"column":28},"end":{"line":51,"column":79}},"24":{"start":{"line":52,"column":8},"end":{"line":52,"column":39}},"25":{"start":{"line":53,"column":8},"end":{"line":53,"column":44}},"26":{"start":{"line":54,"column":8},"end":{"line":54,"column":45}},"27":{"start":{"line":58,"column":8},"end":{"line":58,"column":33}},"28":{"start":{"line":59,"column":8},"end":{"line":59,"column":57}},"29":{"start":{"line":60,"column":8},"end":{"line":60,"column":42}},"30":{"start":{"line":61,"column":8},"end":{"line":61,"column":98}}},"fnMap":{"0":{"name":"(anonymous_0)","decl":{"start":{"line":12,"column":4},"end":{"line":12,"column":5}},"loc":{"start":{"line":12,"column":52},"end":{"line":18,"column":5}},"line":12},"1":{"name":"(anonymous_1)","decl":{"start":{"line":20,"column":4},"end":{"line":20,"column":5}},"loc":{"start":{"line":20,"column":21},"end":{"line":28,"column":5}},"line":20},"2":{"name":"(anonymous_2)","decl":{"start":{"line":30,"column":4},"end":{"line":30,"column":5}},"loc":{"start":{"line":30,"column":22},"end":{"line":34,"column":5}},"line":30},"3":{"name":"(anonymous_3)","decl":{"start":{"line":36,"column":4},"end":{"line":36,"column":5}},"loc":{"start":{"line":36,"column":21},"end":{"line":48,"column":5}},"line":36},"4":{"name":"(anonymous_4)","decl":{"start":{"line":50,"column":4},"end":{"line":50,"column":5}},"loc":{"start":{"line":50,"column":18},"end":{"line":55,"column":5}},"line":50},"5":{"name":"(anonymous_5)","decl":{"start":{"line":57,"column":4},"end":{"line":57,"column":5}},"loc":{"start":{"line":57,"column":24},"end":{"line":62,"column":5}},"line":57}},"branchMap":{"0":{"loc":{"start":{"line":17,"column":69},"end":{"line":17,"column":102}},"type":"cond-expr","locations":[{"start":{"line":17,"column":78},"end":{"line":17,"column":95}},{"start":{"line":17,"column":98},"end":{"line":17,"column":102}}],"line":17},"1":{"loc":{"start":{"line":21,"column":8},"end":{"line":27,"column":9}},"type":"if","locations":[{"start":{"line":21,"column":8},"end":{"line":27,"column":9}},{"start":{"line":25,"column":15},"end":{"line":27,"column":9}}],"line":21},"2":{"loc":{"start":{"line":31,"column":7},"end":{"line":33,"column":9}},"type":"if","locations":[{"start":{"line":31,"column":7},"end":{"line":33,"column":9}},{"start":{},"end":{}}],"line":31},"3":{"loc":{"start":{"line":37,"column":8},"end":{"line":47,"column":9}},"type":"if","locations":[{"start":{"line":37,"column":8},"end":{"line":47,"column":9}},{"start":{},"end":{}}],"line":37},"4":{"loc":{"start":{"line":38,"column":11},"end":{"line":46,"column":12}},"type":"if","locations":[{"start":{"line":38,"column":11},"end":{"line":46,"column":12}},{"start":{"line":44,"column":18},"end":{"line":46,"column":12}}],"line":38},"5":{"loc":{"start":{"line":61,"column":31},"end":{"line":61,"column":96}},"type":"cond-expr","locations":[{"start":{"line":61,"column":45},"end":{"line":61,"column":67}},{"start":{"line":61,"column":70},"end":{"line":61,"column":96}}],"line":61}},"s":{"0":13,"1":13,"2":13,"3":2,"4":13,"5":13,"6":13,"7":13,"8":13,"9":2,"10":1,"11":1,"12":1,"13":4,"14":1,"15":4,"16":1,"17":1,"18":1,"19":1,"20":1,"21":1,"22":0,"23":1,"24":1,"25":1,"26":1,"27":4,"28":4,"29":4,"30":4},"f":{"0":13,"1":2,"2":4,"3":4,"4":1,"5":4},"b":{"0":[5,8],"1":[1,1],"2":[1,3],"3":[1,3],"4":[1,0],"5":[2,2]},"_coverageSchema":"1a1c01bbd47fc00a2c39e90264f33305004495a9","hash":"f50d57b8b54483254e5428f28b6bf11a4ea2ada3"}
}
