TN:
SF:classes/Medico.js
FN:5,(anonymous_0)
FN:9,(anonymous_1)
FN:16,(anonymous_2)
FNF:3
FNH:3
FNDA:7,(anonymous_0)
FNDA:4,(anonymous_1)
FNDA:1,(anonymous_2)
DA:2,7
DA:3,7
DA:6,7
DA:10,4
DA:11,4
DA:12,4
DA:13,4
DA:17,1
DA:19,1
DA:20,1
DA:24,0
LF:11
LH:10
BRDA:17,0,0,1
BRDA:17,0,1,0
BRF:2
BRH:1
end_of_record
TN:
SF:classes/Paciente.js
FN:12,(anonymous_0)
FN:20,(anonymous_1)
FN:30,(anonymous_2)
FN:36,(anonymous_3)
FN:50,(anonymous_4)
FN:57,(anonymous_5)
FNF:6
FNH:6
FNDA:13,(anonymous_0)
FNDA:2,(anonymous_1)
FNDA:4,(anonymous_2)
FNDA:4,(anonymous_3)
FNDA:1,(anonymous_4)
FNDA:4,(anonymous_5)
DA:6,13
DA:7,13
DA:8,13
DA:10,2
DA:13,13
DA:14,13
DA:15,13
DA:16,13
DA:17,13
DA:21,2
DA:22,1
DA:23,1
DA:26,1
DA:31,4
DA:32,1
DA:37,4
DA:38,1
DA:39,1
DA:40,1
DA:41,1
DA:42,1
DA:43,1
DA:45,0
DA:51,1
DA:52,1
DA:53,1
DA:54,1
DA:58,4
DA:59,4
DA:60,4
DA:61,4
LF:31
LH:30
BRDA:17,0,0,5
BRDA:17,0,1,8
BRDA:21,1,0,1
BRDA:21,1,1,1
BRDA:31,2,0,1
BRDA:31,2,1,3
BRDA:37,3,0,1
BRDA:37,3,1,3
BRDA:38,4,0,1
BRDA:38,4,1,0
BRDA:61,5,0,2
BRDA:61,5,1,2
BRF:12
BRH:11
end_of_record
