TN:
SF:classes/Medico.js
FN:9,(anonymous_0)
FN:13,(anonymous_1)
FN:24,(anonymous_2)
FNF:3
FNH:2
FNDA:6,(anonymous_0)
FNDA:3,(anonymous_1)
FNDA:0,(anonymous_2)
DA:6,6
DA:7,6
DA:10,6
DA:14,3
DA:15,3
DA:16,3
DA:17,3
DA:25,0
DA:27,0
DA:28,0
DA:32,0
LF:11
LH:7
BRDA:25,0,0,0
BRDA:25,0,1,0
BRF:2
BRH:0
end_of_record
TN:
SF:classes/Paciente.js
FN:18,(anonymous_0)
FN:34,(anonymous_1)
FN:48,(anonymous_2)
FN:60,(anonymous_3)
FN:75,(anonymous_4)
FN:82,(anonymous_5)
FNF:6
FNH:5
FNDA:7,(anonymous_0)
FNDA:1,(anonymous_1)
FNDA:1,(anonymous_2)
FNDA:2,(anonymous_3)
FNDA:0,(anonymous_4)
FNDA:3,(anonymous_5)
DA:12,7
DA:13,7
DA:14,7
DA:16,2
DA:19,7
DA:20,7
DA:21,7
DA:22,7
DA:23,7
DA:35,1
DA:36,0
DA:37,0
DA:40,1
DA:43,0
DA:44,0
DA:49,1
DA:50,0
DA:51,0
DA:53,0
DA:56,1
DA:61,2
DA:62,0
DA:63,0
DA:64,0
DA:65,0
DA:66,0
DA:67,0
DA:70,0
DA:76,0
DA:77,0
DA:78,0
DA:79,0
DA:83,3
DA:84,3
DA:85,3
DA:86,3
LF:36
LH:18
BRDA:23,0,0,4
BRDA:23,0,1,3
BRDA:35,1,0,0
BRDA:35,1,1,1
BRDA:43,2,0,0
BRDA:43,2,1,0
BRDA:49,3,0,0
BRDA:49,3,1,1
BRDA:50,4,0,0
BRDA:50,4,1,0
BRDA:61,5,0,0
BRDA:61,5,1,2
BRDA:62,6,0,0
BRDA:62,6,1,0
BRDA:86,7,0,1
BRDA:86,7,1,2
BRF:16
BRH:7
end_of_record
